<?xml version="1.0" encoding="UTF-8"?>
<!-- Generated by org.testng.reporters.JUnitReportReporter -->
<testsuite skipped="0" hostname="DESKTOP-RV8OV7R" name="org.insta.Instragram" tests="1" failures="0" timestamp="01 Dec 2022 10:27:30 GMT" time="11.458" errors="0">
  <testcase name="test" time="11.458" classname="org.insta.Instragram"/>
</testsuite> <!-- org.insta.Instragram -->
